<?xml version="1.0" encoding="UTF-8"?>
<!-- Generated by org.testng.reporters.JUnitXMLReporter -->
<testsuite ignored="0" hostname="DESKTOP-TM5SDII" failures="0" tests="3" name="Default test" time="20.76" errors="0" timestamp="2021-05-05T00:14:14 EDT">
  <testcase classname="tests.LoginTest" name="verifyEmptyEmailTest" time="2.559"/>
  <testcase classname="tests.LoginTest" name="verifyInvalidEmailTest" time="2.626"/>
  <testcase classname="tests.LoginTest" name="verifyWrongPasswordTest" time="2.484"/>
</testsuite> <!-- Default test -->
