<?xml version="1.0" encoding="UTF-8"?>
<!-- Generated by org.testng.reporters.JUnitXMLReporter -->
<testsuite ignored="0" hostname="DESKTOP-TM5SDII" failures="0" tests="3" name="Test" time="22.974" errors="0" timestamp="06 May 2021 02:28:55 GMT">
  <testcase classname="tests.LoginTest" name="verifyEmptyEmailTest" time="2.428"/>
  <testcase classname="tests.LoginTest" name="verifyInvalidEmailTest" time="2.898"/>
  <testcase classname="tests.LoginTest" name="verifyWrongPasswordTest" time="2.89"/>
</testsuite> <!-- Test -->
